<?xml version="1.0" encoding="UTF-8"?>
<testsuite xmlns:xsi="http://www.w3.org/2001/XMLSchema-instance" xsi:noNamespaceSchemaLocation="https://maven.apache.org/surefire/maven-surefire-plugin/xsd/surefire-test-report-3.0.xsd" version="3.0" name="com.fitness.aplicacion.FitnessTrackerServidorApplicationTests" time="4.485" tests="1" errors="0" skipped="0" failures="0">
  <properties>
[...]
</properties>
  <testcase name="contextLoads" classname="com.fitness.aplicacion.FitnessTrackerServidorApplicationTests" time="0.555">
    <system-out><![CDATA[14:14:49.930 [main] INFO org.springframework.test.context.support.AnnotationConfigContextLoaderUtils -- Could not detect default configuration classes for test class [com.fitness.aplicacion.FitnessTrackerServidorApplicationTests]: FitnessTrackerServidorApplicationTests does not declare any static, non-private, non-final, nested classes annotated with @Configuration.
14:14:50.023 [main] INFO org.springframework.boot.test.context.SpringBootTestContextBootstrapper -- Found @SpringBootConfiguration com.fitness.aplicacion.FitnessTrackerServidorApplication for test class com.fitness.aplicacion.FitnessTrackerServidorApplicationTests
14:14:50.137 [main] INFO org.springframework.boot.devtools.restart.RestartApplicationListener -- Restart disabled due to context in which it is running

  .   ____          _            __ _ _
 /\\ / ___'_ __ _ _(_)_ __  __ _ \ \ \ \
( ( )\___ | '_ | '_| | '_ \/ _` | \ \ \ \
 \\/  ___)| |_)| | | | | || (_| |  ) ) ) )
  '  |____| .__|_| |_|_| |_\__, | / / / /
 =========|_|==============|___/=/_/_/_/
 :: Spring Boot ::                (v3.2.4)

2024-06-13T14:14:50.308+02:00  INFO 29112 --- [FitnessTrackerServidor] [           main] a.FitnessTrackerServidorApplicationTests : Starting FitnessTrackerServidorApplicationTests using Java 21.0.2 with PID 29112 (started by zanet in C:\Users\zanet\Desktop\Fitness-Tracker\src\FitnessTrackerServidor)
2024-06-13T14:14:50.309+02:00  INFO 29112 --- [FitnessTrackerServidor] [           main] a.FitnessTrackerServidorApplicationTests : No active profile set, falling back to 1 default profile: "default"
2024-06-13T14:14:51.401+02:00  INFO 29112 --- [FitnessTrackerServidor] [           main] .s.d.r.c.RepositoryConfigurationDelegate : Bootstrapping Spring Data MongoDB repositories in DEFAULT mode.
2024-06-13T14:14:51.462+02:00  INFO 29112 --- [FitnessTrackerServidor] [           main] .s.d.r.c.RepositoryConfigurationDelegate : Finished Spring Data repository scanning in 58 ms. Found 5 MongoDB repository interfaces.
2024-06-13T14:14:51.836+02:00  INFO 29112 --- [FitnessTrackerServidor] [           main] org.mongodb.driver.client                : MongoClient with metadata {"driver": {"name": "mongo-java-driver|sync|spring-boot", "version": "4.11.1"}, "os": {"type": "Windows", "name": "Windows 11", "architecture": "amd64", "version": "10.0"}, "platform": "Java/Oracle Corporation/21.0.2+13-58"} created with settings MongoClientSettings{readPreference=primary, writeConcern=WriteConcern{w=null, wTimeout=null ms, journal=null}, retryWrites=true, retryReads=true, readConcern=ReadConcern{level=null}, credential=null, transportSettings=null, streamFactoryFactory=null, commandListeners=[], codecRegistry=ProvidersCodecRegistry{codecProviders=[ValueCodecProvider{}, BsonValueCodecProvider{}, DBRefCodecProvider{}, DBObjectCodecProvider{}, DocumentCodecProvider{}, CollectionCodecProvider{}, IterableCodecProvider{}, MapCodecProvider{}, GeoJsonCodecProvider{}, GridFSFileCodecProvider{}, Jsr310CodecProvider{}, JsonObjectCodecProvider{}, BsonCodecProvider{}, EnumCodecProvider{}, com.mongodb.client.model.mql.ExpressionCodecProvider@2cd388f5, com.mongodb.Jep395RecordCodecProvider@4640195a, com.mongodb.KotlinCodecProvider@70d77826]}, loggerSettings=LoggerSettings{maxDocumentLength=1000}, clusterSettings={hosts=[localhost:27017], srvServiceName=mongodb, mode=SINGLE, requiredClusterType=UNKNOWN, requiredReplicaSetName='null', serverSelector='null', clusterListeners='[]', serverSelectionTimeout='30000 ms', localThreshold='15 ms'}, socketSettings=SocketSettings{connectTimeoutMS=10000, readTimeoutMS=0, receiveBufferSize=0, proxySettings=ProxySettings{host=null, port=null, username=null, password=null}}, heartbeatSocketSettings=SocketSettings{connectTimeoutMS=10000, readTimeoutMS=10000, receiveBufferSize=0, proxySettings=ProxySettings{host=null, port=null, username=null, password=null}}, connectionPoolSettings=ConnectionPoolSettings{maxSize=100, minSize=0, maxWaitTimeMS=120000, maxConnectionLifeTimeMS=0, maxConnectionIdleTimeMS=0, maintenanceInitialDelayMS=0, maintenanceFrequencyMS=60000, connectionPoolListeners=[], maxConnecting=2}, serverSettings=ServerSettings{heartbeatFrequencyMS=10000, minHeartbeatFrequencyMS=500, serverListeners='[]', serverMonitorListeners='[]'}, sslSettings=SslSettings{enabled=false, invalidHostNameAllowed=false, context=null}, applicationName='null', compressorList=[], uuidRepresentation=JAVA_LEGACY, serverApi=null, autoEncryptionSettings=null, dnsClient=null, inetAddressResolver=null, contextProvider=null}
2024-06-13T14:14:51.870+02:00  INFO 29112 --- [FitnessTrackerServidor] [localhost:27017] org.mongodb.driver.cluster               : Monitor thread successfully connected to server with description ServerDescription{address=localhost:27017, type=STANDALONE, state=CONNECTED, ok=true, minWireVersion=0, maxWireVersion=21, maxDocumentSize=16777216, logicalSessionTimeoutMinutes=30, roundTripTimeNanos=26196700}
2024-06-13T14:14:52.018+02:00  WARN 29112 --- [FitnessTrackerServidor] [           main] o.s.d.m.c.m.BasicMongoPersistentProperty : Customizing field name for id property 'com.fitness.aplicacion.documentos.Usuario.email' is not allowed; Custom name ('correo_electronico') will not be considered
2024-06-13T14:14:53.344+02:00  INFO 29112 --- [FitnessTrackerServidor] [           main] a.FitnessTrackerServidorApplicationTests : Started FitnessTrackerServidorApplicationTests in 3.215 seconds (process running for 4.045)
Usuario(email=usuario1@example.com, nombreUsuario=usuario123, contrasena=$2a$10$HbgJtSuhHFFVahCu/Sf1Iurj98RaZrRELm6rD6CimooMcxJq2m02G, nombre=Juan, primerApellido=Pérez, segundoApellido=García, fechaDeNacimiento=1990-01-01, fechaRegistro=2024-06-13T14:14:53.415006600, fechaUltimaModificacion=2024-06-13T14:14:53.415006600, altura=175.0, imagen=null, objetivoPeso=0.0, peso=70.0, sexo=Hombre, dietas=[Dieta(id=1, caloriasTarget=2000.0, fechaInicio=2024-05-01T00:00, fechaFin=2024-05-31T23:59, consumoDeAgua=2.5, activa=true, comidasSugeridas=[ComidaSugerida(id=1, tipo=CENA, orden=PLATO_UNICO), ComidaSugerida(id=2, tipo=CENA, orden=PLATO_UNICO)], fechaRegistro=2024-06-13T14:14:53.350006500, fechaUltimaModificacion=2024-06-13T14:14:53.350006500)], comidasRegistradas=[Comida(id=1, nombre=Ensalada César, descripcion=Ensalada con lechuga, pollo, y aderezo César, calorias=150.0, proteinas=10.0, grasas=5.0, carbohidratos=10.0, vitaminas=[A, C, K], fechaRegistro=2024-06-13T14:14:53.349007500, fechaUltimaModificacion=2024-06-13T14:14:53.349007500), Comida(id=2, nombre=Pollo Asado, descripcion=Pollo asado con especias, calorias=250.0, proteinas=30.0, grasas=10.0, carbohidratos=0.0, vitaminas=[B6, B12], fechaRegistro=2024-06-13T14:14:53.349007500, fechaUltimaModificacion=2024-06-13T14:14:53.349007500), Comida(id=3, nombre=Batido de Proteínas, descripcion=Batido con proteínas y frutas, calorias=200.0, proteinas=20.0, grasas=5.0, carbohidratos=25.0, vitaminas=[A, C, E], fechaRegistro=2024-06-13T14:14:53.349007500, fechaUltimaModificacion=2024-06-13T14:14:53.349007500)], rutinas=[Rutina(id=1, tiempoDeSuenio=8.0, caloriasQuemadas=500.0, pasosRealizados=10000, frecuenciaCardiaca=60.0, nivelOxigenoSangre=98.0, fechaSeguimiento=2024-05-21, fechaUltimaModificacion=2024-06-13T14:14:53.350006500, comidasConsumidas=[Alimento(id=1, comida=Comida(id=1, nombre=Ensalada César, descripcion=Ensalada con lechuga, pollo, y aderezo César, calorias=150.0, proteinas=10.0, grasas=5.0, carbohidratos=10.0, vitaminas=[A, C, K], fechaRegistro=2024-06-13T14:14:53.349007500, fechaUltimaModificacion=2024-06-13T14:14:53.349007500), tipo=ALMUERZO, horaConsumo=2024-05-21T12:30, orden=PRIMER_PLATO, fechaRegistro=2024-06-13T14:14:53.350006500, fechaUltimaModificacion=2024-06-13T14:14:53.350006500), Alimento(id=2, comida=Comida(id=2, nombre=Pollo Asado, descripcion=Pollo asado con especias, calorias=250.0, proteinas=30.0, grasas=10.0, carbohidratos=0.0, vitaminas=[B6, B12], fechaRegistro=2024-06-13T14:14:53.349007500, fechaUltimaModificacion=2024-06-13T14:14:53.349007500), tipo=CENA, horaConsumo=2024-05-21T19:00, orden=PLATO_UNICO, fechaRegistro=2024-06-13T14:14:53.350006500, fechaUltimaModificacion=2024-06-13T14:14:53.350006500), Alimento(id=3, comida=Comida(id=3, nombre=Batido de Proteínas, descripcion=Batido con proteínas y frutas, calorias=200.0, proteinas=20.0, grasas=5.0, carbohidratos=25.0, vitaminas=[A, C, E], fechaRegistro=2024-06-13T14:14:53.349007500, fechaUltimaModificacion=2024-06-13T14:14:53.349007500), tipo=DESAYUNO, horaConsumo=2024-05-21T07:00, orden=PLATO_UNICO, fechaRegistro=2024-06-13T14:14:53.350006500, fechaUltimaModificacion=2024-06-13T14:14:53.350006500)])])
Usuario(email=usuario2@example.com, nombreUsuario=usuario234, contrasena=$2a$10$Rqu/13jxeCOLNsr5eKZp.uTyEmYmIk0pRieYzWVveZEeD5LeqxH0G, nombre=Ana, primerApellido=López, segundoApellido=Martínez, fechaDeNacimiento=1985-06-15, fechaRegistro=2024-06-13T14:14:53.477435400, fechaUltimaModificacion=2024-06-13T14:14:53.477435400, altura=160.0, imagen=null, objetivoPeso=0.0, peso=60.0, sexo=Mujer, dietas=[Dieta(id=2, caloriasTarget=1800.0, fechaInicio=2024-05-01T00:00, fechaFin=2024-05-31T23:59, consumoDeAgua=2.0, activa=true, comidasSugeridas=[ComidaSugerida(id=4, tipo=ALMUERZO, orden=SEGUNDO_PLATO), ComidaSugerida(id=5, tipo=DESAYUNO, orden=TERCER_PLATO)], fechaRegistro=2024-06-13T14:14:53.416010400, fechaUltimaModificacion=2024-06-13T14:14:53.416010400)], comidasRegistradas=[Comida(id=4, nombre=Tostadas con Aguacate, descripcion=Tostadas de pan integral con aguacate y tomate, calorias=300.0, proteinas=8.0, grasas=15.0, carbohidratos=40.0, vitaminas=[E, B5], fechaRegistro=2024-06-13T14:14:53.416010400, fechaUltimaModificacion=2024-06-13T14:14:53.416010400), Comida(id=5, nombre=Sopa de Verduras, descripcion=Sopa con zanahoria, papa y apio, calorias=100.0, proteinas=3.0, grasas=2.0, carbohidratos=15.0, vitaminas=[A, C, K], fechaRegistro=2024-06-13T14:14:53.416010400, fechaUltimaModificacion=2024-06-13T14:14:53.416010400), Comida(id=6, nombre=Yogur con Frutas, descripcion=Yogur natural con fresas y arándanos, calorias=150.0, proteinas=8.0, grasas=5.0, carbohidratos=20.0, vitaminas=[C, B12], fechaRegistro=2024-06-13T14:14:53.416010400, fechaUltimaModificacion=2024-06-13T14:14:53.416010400)], rutinas=[Rutina(id=2, tiempoDeSuenio=7.0, caloriasQuemadas=400.0, pasosRealizados=8000, frecuenciaCardiaca=70.0, nivelOxigenoSangre=97.0, fechaSeguimiento=2024-05-22, fechaUltimaModificacion=2024-06-13T14:14:53.416010400, comidasConsumidas=[Alimento(id=4, comida=Comida(id=4, nombre=Tostadas con Aguacate, descripcion=Tostadas de pan integral con aguacate y tomate, calorias=300.0, proteinas=8.0, grasas=15.0, carbohidratos=40.0, vitaminas=[E, B5], fechaRegistro=2024-06-13T14:14:53.416010400, fechaUltimaModificacion=2024-06-13T14:14:53.416010400), tipo=DESAYUNO, horaConsumo=2024-05-22T08:00, orden=PRIMER_PLATO, fechaRegistro=2024-06-13T14:14:53.416010400, fechaUltimaModificacion=2024-06-13T14:14:53.416010400), Alimento(id=5, comida=Comida(id=5, nombre=Sopa de Verduras, descripcion=Sopa con zanahoria, papa y apio, calorias=100.0, proteinas=3.0, grasas=2.0, carbohidratos=15.0, vitaminas=[A, C, K], fechaRegistro=2024-06-13T14:14:53.416010400, fechaUltimaModificacion=2024-06-13T14:14:53.416010400), tipo=ALMUERZO, horaConsumo=2024-05-22T13:00, orden=PLATO_UNICO, fechaRegistro=2024-06-13T14:14:53.416010400, fechaUltimaModificacion=2024-06-13T14:14:53.416010400), Alimento(id=6, comida=Comida(id=6, nombre=Yogur con Frutas, descripcion=Yogur natural con fresas y arándanos, calorias=150.0, proteinas=8.0, grasas=5.0, carbohidratos=20.0, vitaminas=[C, B12], fechaRegistro=2024-06-13T14:14:53.416010400, fechaUltimaModificacion=2024-06-13T14:14:53.416010400), tipo=MERIENDA_VESPERTINA, horaConsumo=2024-05-22T16:00, orden=PLATO_UNICO, fechaRegistro=2024-06-13T14:14:53.416010400, fechaUltimaModificacion=2024-06-13T14:14:53.416010400)])])
Usuario(email=usuario3@example.com, nombreUsuario=usuario345, contrasena=$2a$10$g4lkVuGY8Ry2cDoQCJ3bE.pDtGg8dScoEUYf8VQMl6hgx4k0V8JTa, nombre=Carlos, primerApellido=Ramírez, segundoApellido=Torres, fechaDeNacimiento=1975-03-20, fechaRegistro=2024-06-13T14:14:53.533051600, fechaUltimaModificacion=2024-06-13T14:14:53.533051600, altura=180.0, imagen=null, objetivoPeso=0.0, peso=85.0, sexo=Hombre, dietas=[Dieta(id=3, caloriasTarget=2200.0, fechaInicio=2024-05-01T00:00, fechaFin=2024-05-31T23:59, consumoDeAgua=3.0, activa=true, comidasSugeridas=[ComidaSugerida(id=7, tipo=CENA, orden=PRIMER_PLATO), ComidaSugerida(id=8, tipo=MERIENDA_VESPERTINA, orden=PLATO_UNICO)], fechaRegistro=2024-06-13T14:14:53.477435400, fechaUltimaModificacion=2024-06-13T14:14:53.477435400)], comidasRegistradas=[Comida(id=7, nombre=Sandwich de Pollo, descripcion=Sandwich de pollo con vegetales y mayonesa, calorias=350.0, proteinas=25.0, grasas=15.0, carbohidratos=30.0, vitaminas=[A, C, B6], fechaRegistro=2024-06-13T14:14:53.477435400, fechaUltimaModificacion=2024-06-13T14:14:53.477435400), Comida(id=8, nombre=Pizza Vegetariana, descripcion=Pizza con vegetales, queso y salsa de tomate, calorias=400.0, proteinas=20.0, grasas=18.0, carbohidratos=50.0, vitaminas=[A, C], fechaRegistro=2024-06-13T14:14:53.477435400, fechaUltimaModificacion=2024-06-13T14:14:53.477435400), Comida(id=9, nombre=Fruta Mixta, descripcion=Ensalada de frutas frescas, calorias=120.0, proteinas=2.0, grasas=1.0, carbohidratos=30.0, vitaminas=[C, K], fechaRegistro=2024-06-13T14:14:53.477435400, fechaUltimaModificacion=2024-06-13T14:14:53.477435400)], rutinas=[Rutina(id=3, tiempoDeSuenio=6.0, caloriasQuemadas=600.0, pasosRealizados=12000, frecuenciaCardiaca=55.0, nivelOxigenoSangre=99.0, fechaSeguimiento=2024-05-23, fechaUltimaModificacion=2024-06-13T14:14:53.477435400, comidasConsumidas=[Alimento(id=7, comida=Comida(id=7, nombre=Sandwich de Pollo, descripcion=Sandwich de pollo con vegetales y mayonesa, calorias=350.0, proteinas=25.0, grasas=15.0, carbohidratos=30.0, vitaminas=[A, C, B6], fechaRegistro=2024-06-13T14:14:53.477435400, fechaUltimaModificacion=2024-06-13T14:14:53.477435400), tipo=ALMUERZO, horaConsumo=2024-05-23T12:00, orden=PRIMER_PLATO, fechaRegistro=2024-06-13T14:14:53.477435400, fechaUltimaModificacion=2024-06-13T14:14:53.477435400), Alimento(id=8, comida=Comida(id=8, nombre=Pizza Vegetariana, descripcion=Pizza con vegetales, queso y salsa de tomate, calorias=400.0, proteinas=20.0, grasas=18.0, carbohidratos=50.0, vitaminas=[A, C], fechaRegistro=2024-06-13T14:14:53.477435400, fechaUltimaModificacion=2024-06-13T14:14:53.477435400), tipo=CENA, horaConsumo=2024-05-23T19:30, orden=PLATO_UNICO, fechaRegistro=2024-06-13T14:14:53.477435400, fechaUltimaModificacion=2024-06-13T14:14:53.477435400), Alimento(id=9, comida=Comida(id=9, nombre=Fruta Mixta, descripcion=Ensalada de frutas frescas, calorias=120.0, proteinas=2.0, grasas=1.0, carbohidratos=30.0, vitaminas=[C, K], fechaRegistro=2024-06-13T14:14:53.477435400, fechaUltimaModificacion=2024-06-13T14:14:53.477435400), tipo=MERIENDA_VESPERTINA, horaConsumo=2024-05-23T16:30, orden=PLATO_UNICO, fechaRegistro=2024-06-13T14:14:53.477435400, fechaUltimaModificacion=2024-06-13T14:14:53.477435400)])])
Usuario(email=usuario4@example.com, nombreUsuario=usuario456, contrasena=$2a$10$tYPSjvCWoM6D64BzmvgAQOOBnuW3VuJOYxicIaz5OFDst1X6NPllm, nombre=María, primerApellido=Gómez, segundoApellido=Hernández, fechaDeNacimiento=1995-08-10, fechaRegistro=2024-06-13T14:14:53.588272400, fechaUltimaModificacion=2024-06-13T14:14:53.588272400, altura=165.0, imagen=null, objetivoPeso=0.0, peso=55.0, sexo=Mujer, dietas=[Dieta(id=4, caloriasTarget=2500.0, fechaInicio=2024-05-01T00:00, fechaFin=2024-05-31T23:59, consumoDeAgua=3.5, activa=true, comidasSugeridas=[ComidaSugerida(id=10, tipo=CENA, orden=PRIMER_PLATO), ComidaSugerida(id=11, tipo=MERIENDA_VESPERTINA, orden=PLATO_UNICO)], fechaRegistro=2024-06-13T14:14:53.533051600, fechaUltimaModificacion=2024-06-13T14:14:53.533051600)], comidasRegistradas=[Comida(id=10, nombre=Huevos Revueltos, descripcion=Huevos revueltos con jamón y queso, calorias=250.0, proteinas=20.0, grasas=15.0, carbohidratos=5.0, vitaminas=[B12, D], fechaRegistro=2024-06-13T14:14:53.533051600, fechaUltimaModificacion=2024-06-13T14:14:53.533051600), Comida(id=11, nombre=Lasaña, descripcion=Lasaña de carne con salsa de tomate, calorias=500.0, proteinas=30.0, grasas=25.0, carbohidratos=50.0, vitaminas=[A, C], fechaRegistro=2024-06-13T14:14:53.533051600, fechaUltimaModificacion=2024-06-13T14:14:53.533051600), Comida(id=12, nombre=Smoothie Verde, descripcion=Smoothie de espinaca, manzana y plátano, calorias=180.0, proteinas=5.0, grasas=2.0, carbohidratos=40.0, vitaminas=[A, C, K], fechaRegistro=2024-06-13T14:14:53.533051600, fechaUltimaModificacion=2024-06-13T14:14:53.533051600)], rutinas=[Rutina(id=4, tiempoDeSuenio=8.0, caloriasQuemadas=700.0, pasosRealizados=15000, frecuenciaCardiaca=65.0, nivelOxigenoSangre=96.0, fechaSeguimiento=2024-05-24, fechaUltimaModificacion=2024-06-13T14:14:53.533051600, comidasConsumidas=[Alimento(id=10, comida=Comida(id=10, nombre=Huevos Revueltos, descripcion=Huevos revueltos con jamón y queso, calorias=250.0, proteinas=20.0, grasas=15.0, carbohidratos=5.0, vitaminas=[B12, D], fechaRegistro=2024-06-13T14:14:53.533051600, fechaUltimaModificacion=2024-06-13T14:14:53.533051600), tipo=DESAYUNO, horaConsumo=2024-05-24T07:30, orden=PLATO_UNICO, fechaRegistro=2024-06-13T14:14:53.533051600, fechaUltimaModificacion=2024-06-13T14:14:53.533051600), Alimento(id=11, comida=Comida(id=11, nombre=Lasaña, descripcion=Lasaña de carne con salsa de tomate, calorias=500.0, proteinas=30.0, grasas=25.0, carbohidratos=50.0, vitaminas=[A, C], fechaRegistro=2024-06-13T14:14:53.533051600, fechaUltimaModificacion=2024-06-13T14:14:53.533051600), tipo=ALMUERZO, horaConsumo=2024-05-24T12:30, orden=PRIMER_PLATO, fechaRegistro=2024-06-13T14:14:53.533051600, fechaUltimaModificacion=2024-06-13T14:14:53.533051600), Alimento(id=12, comida=Comida(id=12, nombre=Smoothie Verde, descripcion=Smoothie de espinaca, manzana y plátano, calorias=180.0, proteinas=5.0, grasas=2.0, carbohidratos=40.0, vitaminas=[A, C, K], fechaRegistro=2024-06-13T14:14:53.533051600, fechaUltimaModificacion=2024-06-13T14:14:53.533051600), tipo=MERIENDA_MATUTINA, horaConsumo=2024-05-24T10:00, orden=PLATO_UNICO, fechaRegistro=2024-06-13T14:14:53.533051600, fechaUltimaModificacion=2024-06-13T14:14:53.533051600)])])
]]></system-out>
    <system-err><![CDATA[WARNING: A Java agent has been loaded dynamically (C:\Users\zanet\.m2\repository\net\bytebuddy\byte-buddy-agent\1.14.12\byte-buddy-agent-1.14.12.jar)
WARNING: If a serviceability tool is in use, please run with -XX:+EnableDynamicAgentLoading to hide this warning
WARNING: If a serviceability tool is not in use, please run with -Djdk.instrument.traceUsage for more information
WARNING: Dynamic loading of agents will be disallowed by default in a future release
]]></system-err>
  </testcase>
</testsuite>